Flow report for 2023063114THR
Tue Nov 12 15:43:56 2024
Quartus II 64-Bit Version 13.1.0 Build 162 10/23/2013 SJ Full Version


---------------------
; Table of Contents ;
---------------------
  1. Legal Notice
  2. Flow Summary
  3. Flow Settings
  4. Flow Non-Default Global Settings
  5. Flow Elapsed Time
  6. Flow OS Summary
  7. Flow Log
  8. Flow Messages
  9. Flow Suppressed Messages



----------------
; Legal Notice ;
----------------
Copyright (C) 1991-2013 Altera Corporation
Your use of Altera Corporation's design tools, logic functions 
and other software and tools, and its AMPP partner logic 
functions, and any output files from any of the foregoing 
(including device programming or simulation files), and any 
associated documentation or information are expressly subject 
to the terms and conditions of the Altera Program License 
Subscription Agreement, Altera MegaCore Function License 
Agreement, or other applicable license agreement, including, 
without limitation, that your use is for the sole purpose of 
programming logic devices manufactured by Altera and sold by 
Altera or its authorized distributors.  Please refer to the 
applicable agreement for further details.



+-------------------------------------------------------------------------------+
; Flow Summary                                                                  ;
+---------------------------------+---------------------------------------------+
; Flow Status                     ; Successful - Tue Nov 12 15:43:56 2024       ;
; Quartus II 64-Bit Version       ; 13.1.0 Build 162 10/23/2013 SJ Full Version ;
; Revision Name                   ; 2023063114THR                               ;
; Top-level Entity Name           ; 2023063114THR                               ;
; Family                          ; Cyclone V                                   ;
; Device                          ; 5CSEMA5F31C6                                ;
; Timing Models                   ; Preliminary                                 ;
; Logic utilization (in ALMs)     ; 15 / 32,070 ( < 1 % )                       ;
; Total registers                 ; 20                                          ;
; Total pins                      ; 28 / 457 ( 6 % )                            ;
; Total virtual pins              ; 0                                           ;
; Total block memory bits         ; 0 / 4,065,280 ( 0 % )                       ;
; Total DSP Blocks                ; 0 / 87 ( 0 % )                              ;
; Total HSSI RX PCSs              ; 0                                           ;
; Total HSSI PMA RX Deserializers ; 0                                           ;
; Total HSSI TX PCSs              ; 0                                           ;
; Total HSSI TX Channels          ; 0                                           ;
; Total PLLs                      ; 0 / 6 ( 0 % )                               ;
; Total DLLs                      ; 0 / 4 ( 0 % )                               ;
+---------------------------------+---------------------------------------------+


+-----------------------------------------+
; Flow Settings                           ;
+-------------------+---------------------+
; Option            ; Setting             ;
+-------------------+---------------------+
; Start date & time ; 11/12/2024 15:42:58 ;
; Main task         ; Compilation         ;
; Revision Name     ; 2023063114THR       ;
+-------------------+---------------------+


+----------------------------------------------------------------------------------------------------------------------------------------------------------------------------+
; Flow Non-Default Global Settings                                                                                                                                           ;
+-------------------------------------+---------------------------------------------------------------------------------------+---------------+-------------+----------------+
; Assignment Name                     ; Value                                                                                 ; Default Value ; Entity Name ; Section Id     ;
+-------------------------------------+---------------------------------------------------------------------------------------+---------------+-------------+----------------+
; COMPILER_SIGNATURE_ID               ; 220449209054716.173139737823492                                                       ; --            ; --          ; --             ;
; EDA_GENERATE_FUNCTIONAL_NETLIST     ; On                                                                                    ; --            ; --          ; eda_simulation ;
; EDA_NETLIST_WRITER_OUTPUT_DIR       ; D:/College_Work/Numerical_and_Electrical_Experiment/THR2023063114/E7/simulation/qsim/ ; --            ; --          ; eda_simulation ;
; EDA_OUTPUT_DATA_FORMAT              ; Verilog Hdl                                                                           ; --            ; --          ; eda_simulation ;
; EDA_SIMULATION_TOOL                 ; ModelSim-Altera (Verilog)                                                             ; <None>        ; --          ; --             ;
; MAX_CORE_JUNCTION_TEMP              ; 85                                                                                    ; --            ; --          ; --             ;
; MIN_CORE_JUNCTION_TEMP              ; 0                                                                                     ; --            ; --          ; --             ;
; PARTITION_COLOR                     ; 16764057                                                                              ; --            ; --          ; Top            ;
; PARTITION_FITTER_PRESERVATION_LEVEL ; PLACEMENT_AND_ROUTING                                                                 ; --            ; --          ; Top            ;
; PARTITION_NETLIST_TYPE              ; SOURCE                                                                                ; --            ; --          ; Top            ;
; PROJECT_OUTPUT_DIRECTORY            ; output_files                                                                          ; --            ; --          ; --             ;
+-------------------------------------+---------------------------------------------------------------------------------------+---------------+-------------+----------------+


+-------------------------------------------------------------------------------------------------------------------------------+
; Flow Elapsed Time                                                                                                             ;
+---------------------------+--------------+-------------------------+---------------------+------------------------------------+
; Module Name               ; Elapsed Time ; Average Processors Used ; Peak Virtual Memory ; Total CPU Time (on all processors) ;
+---------------------------+--------------+-------------------------+---------------------+------------------------------------+
; Analysis & Synthesis      ; 00:00:01     ; 1.0                     ; 4715 MB             ; 00:00:01                           ;
; Fitter                    ; 00:00:34     ; 3.6                     ; 6679 MB             ; 00:00:24                           ;
; Assembler                 ; 00:00:11     ; 1.0                     ; 4779 MB             ; 00:00:05                           ;
; TimeQuest Timing Analyzer ; 00:00:07     ; 3.2                     ; 5078 MB             ; 00:00:04                           ;
; EDA Netlist Writer        ; 00:00:01     ; 1.0                     ; 4623 MB             ; 00:00:01                           ;
; Total                     ; 00:00:54     ; --                      ; --                  ; 00:00:35                           ;
+---------------------------+--------------+-------------------------+---------------------+------------------------------------+


+----------------------------------------------------------------------------------------+
; Flow OS Summary                                                                        ;
+---------------------------+------------------+-----------+------------+----------------+
; Module Name               ; Machine Hostname ; OS Name   ; OS Version ; Processor type ;
+---------------------------+------------------+-----------+------------+----------------+
; Analysis & Synthesis      ; DESKTOP-ONPK3FH  ; Windows 7 ; 6.2        ; x86_64         ;
; Fitter                    ; DESKTOP-ONPK3FH  ; Windows 7 ; 6.2        ; x86_64         ;
; Assembler                 ; DESKTOP-ONPK3FH  ; Windows 7 ; 6.2        ; x86_64         ;
; TimeQuest Timing Analyzer ; DESKTOP-ONPK3FH  ; Windows 7 ; 6.2        ; x86_64         ;
; EDA Netlist Writer        ; DESKTOP-ONPK3FH  ; Windows 7 ; 6.2        ; x86_64         ;
+---------------------------+------------------+-----------+------------+----------------+


------------
; Flow Log ;
------------
quartus_map --read_settings_files=on --write_settings_files=off 2023063114THR -c 2023063114THR
quartus_fit --read_settings_files=off --write_settings_files=off 2023063114THR -c 2023063114THR
quartus_asm --read_settings_files=off --write_settings_files=off 2023063114THR -c 2023063114THR
quartus_sta 2023063114THR -c 2023063114THR
quartus_eda --read_settings_files=off --write_settings_files=off 2023063114THR -c 2023063114THR



