-1
1 40 75 1
1 100 75 2
1 160 75 3
1 220 75 4
1 280 75 6
1 340 75 9
1 400 75 10
-1
1 60 75 3
1 40 150 1
2 60 75 40 150
1 80 150 2
2 60 75 80 150
1 140 75 3
1 200 75 4
1 260 75 6
1 320 75 9
1 380 75 10
-1
1 40 75 4
1 160 75 6
1 120 150 3
2 160 75 120 150
1 100 225 1
2 120 150 100 225
1 140 225 2
2 120 150 140 225
1 200 150 3
2 160 75 200 150
1 280 75 6
1 340 75 9
1 400 75 10
-1
1 40 75 6
1 100 75 9
1 300 75 10
1 220 150 4
2 300 75 220 150
1 380 150 6
2 300 75 380 150
1 340 225 3
2 380 150 340 225
1 320 300 1
2 340 225 320 300
1 360 300 2
2 340 225 360 300
1 420 225 3
2 380 150 420 225
1 500 75 10
-1
1 180 75 10
1 100 150 4
2 180 75 100 150
1 260 150 6
2 180 75 260 150
1 220 225 3
2 260 150 220 225
1 200 300 1
2 220 225 200 300
1 240 300 2
2 220 225 240 300
1 300 225 3
2 260 150 300 225
1 380 75 10
1 460 75 15
1 440 150 6
2 460 75 440 150
1 480 150 9
2 460 75 480 150
-1
1 60 75 15
1 40 150 6
2 60 75 40 150
1 80 150 9
2 60 75 80 150
1 440 75 20
1 280 150 10
2 440 75 280 150
1 200 225 4
2 280 150 200 225
1 360 225 6
2 280 150 360 225
1 320 300 3
2 360 225 320 300
1 300 375 1
2 320 300 300 375
1 340 375 2
2 320 300 340 375
1 400 300 3
2 360 225 400 300
1 600 150 10
2 440 75 600 150
-1
1 660 75 35
1 340 150 15
2 660 75 340 150
1 180 225 6
2 340 150 180 225
1 500 225 9
2 340 150 500 225
1 980 150 20
2 660 75 980 150
1 820 225 10
2 980 150 820 225
1 740 300 4
2 820 225 740 300
1 900 300 6
2 820 225 900 300
1 860 375 3
2 900 300 860 375
1 840 450 1
2 860 375 840 450
1 880 450 2
2 860 375 880 450
1 940 375 3
2 900 300 940 375
1 1140 225 10
2 980 150 1140 225
-2
