  main.c
D:\College_Work\C Project\StudentSystem\function.h(17,2): warning C4996: 'scanf': This function or variable may be unsafe. Consider using scanf_s instead. To disable deprecation, use _CRT_SECURE_NO_WARNINGS. See online help for details.
  (编译源文件“main.c”)
  
D:\College_Work\C Project\StudentSystem\function.h(19,2): warning C4996: 'scanf': This function or variable may be unsafe. Consider using scanf_s instead. To disable deprecation, use _CRT_SECURE_NO_WARNINGS. See online help for details.
  (编译源文件“main.c”)
  
D:\College_Work\C Project\StudentSystem\function.h(36,2): warning C4996: 'scanf': This function or variable may be unsafe. Consider using scanf_s instead. To disable deprecation, use _CRT_SECURE_NO_WARNINGS. See online help for details.
  (编译源文件“main.c”)
  
D:\College_Work\C Project\StudentSystem\function.h(38,2): warning C4996: 'scanf': This function or variable may be unsafe. Consider using scanf_s instead. To disable deprecation, use _CRT_SECURE_NO_WARNINGS. See online help for details.
  (编译源文件“main.c”)
  
D:\College_Work\C Project\StudentSystem\function.h(51,2): warning C4996: 'fscanf': This function or variable may be unsafe. Consider using fscanf_s instead. To disable deprecation, use _CRT_SECURE_NO_WARNINGS. See online help for details.
  (编译源文件“main.c”)
  
D:\College_Work\C Project\StudentSystem\function.h(52,2): warning C4996: 'fscanf': This function or variable may be unsafe. Consider using fscanf_s instead. To disable deprecation, use _CRT_SECURE_NO_WARNINGS. See online help for details.
  (编译源文件“main.c”)
  
D:\College_Work\C Project\StudentSystem\function.h(99,11): warning C4098: “AddStudent”:“void”函数返回值
  (编译源文件“main.c”)
  
D:\College_Work\C Project\StudentSystem\function.h(108,80): warning C4244: “=”: 从“double”转换到“float”，可能丢失数据
  (编译源文件“main.c”)
  
D:\College_Work\C Project\StudentSystem\function.h(103,2): warning C4996: 'scanf': This function or variable may be unsafe. Consider using scanf_s instead. To disable deprecation, use _CRT_SECURE_NO_WARNINGS. See online help for details.
  (编译源文件“main.c”)
  
D:\College_Work\C Project\StudentSystem\function.h(107,3): warning C4996: 'scanf': This function or variable may be unsafe. Consider using scanf_s instead. To disable deprecation, use _CRT_SECURE_NO_WARNINGS. See online help for details.
  (编译源文件“main.c”)
  
D:\College_Work\C Project\StudentSystem\function.h(127,11): warning C4098: “ShowStudent”:“void”函数返回值
  (编译源文件“main.c”)
  
D:\College_Work\C Project\StudentSystem\function.h(131,9): warning C4996: 'fscanf': This function or variable may be unsafe. Consider using fscanf_s instead. To disable deprecation, use _CRT_SECURE_NO_WARNINGS. See online help for details.
  (编译源文件“main.c”)
  
D:\College_Work\C Project\StudentSystem\function.h(150,11): warning C4098: “FindStudent”:“void”函数返回值
  (编译源文件“main.c”)
  
D:\College_Work\C Project\StudentSystem\function.h(145,2): warning C4996: 'scanf': This function or variable may be unsafe. Consider using scanf_s instead. To disable deprecation, use _CRT_SECURE_NO_WARNINGS. See online help for details.
  (编译源文件“main.c”)
  
D:\College_Work\C Project\StudentSystem\function.h(153,9): warning C4996: 'fscanf': This function or variable may be unsafe. Consider using fscanf_s instead. To disable deprecation, use _CRT_SECURE_NO_WARNINGS. See online help for details.
  (编译源文件“main.c”)
  
D:\College_Work\C Project\StudentSystem\function.h(185,11): warning C4098: “EditStudent”:“void”函数返回值
  (编译源文件“main.c”)
  
D:\College_Work\C Project\StudentSystem\function.h(203,99): warning C4244: “=”: 从“double”转换到“float”，可能丢失数据
  (编译源文件“main.c”)
  
D:\College_Work\C Project\StudentSystem\function.h(211,11): warning C4098: “EditStudent”:“void”函数返回值
  (编译源文件“main.c”)
  
D:\College_Work\C Project\StudentSystem\function.h(180,2): warning C4996: 'scanf': This function or variable may be unsafe. Consider using scanf_s instead. To disable deprecation, use _CRT_SECURE_NO_WARNINGS. See online help for details.
  (编译源文件“main.c”)
  
D:\College_Work\C Project\StudentSystem\function.h(189,9): warning C4996: 'fscanf': This function or variable may be unsafe. Consider using fscanf_s instead. To disable deprecation, use _CRT_SECURE_NO_WARNINGS. See online help for details.
  (编译源文件“main.c”)
  
D:\College_Work\C Project\StudentSystem\function.h(202,4): warning C4996: 'scanf': This function or variable may be unsafe. Consider using scanf_s instead. To disable deprecation, use _CRT_SECURE_NO_WARNINGS. See online help for details.
  (编译源文件“main.c”)
  
D:\College_Work\C Project\StudentSystem\function.h(207,7): warning C4996: 'fopen': This function or variable may be unsafe. Consider using fopen_s instead. To disable deprecation, use _CRT_SECURE_NO_WARNINGS. See online help for details.
  (编译源文件“main.c”)
  
D:\College_Work\C Project\StudentSystem\function.h(242,11): warning C4098: “SortStudent”:“void”函数返回值
  (编译源文件“main.c”)
  
D:\College_Work\C Project\StudentSystem\function.h(297,11): warning C4098: “SortStudent”:“void”函数返回值
  (编译源文件“main.c”)
  
D:\College_Work\C Project\StudentSystem\function.h(244,9): warning C4996: 'fscanf': This function or variable may be unsafe. Consider using fscanf_s instead. To disable deprecation, use _CRT_SECURE_NO_WARNINGS. See online help for details.
  (编译源文件“main.c”)
  
D:\College_Work\C Project\StudentSystem\function.h(251,2): warning C4996: 'scanf': This function or variable may be unsafe. Consider using scanf_s instead. To disable deprecation, use _CRT_SECURE_NO_WARNINGS. See online help for details.
  (编译源文件“main.c”)
  
D:\College_Work\C Project\StudentSystem\function.h(315,11): warning C4098: “DeleteStudent”:“void”函数返回值
  (编译源文件“main.c”)
  
D:\College_Work\C Project\StudentSystem\function.h(368,12): warning C4098: “DeleteStudent”:“void”函数返回值
  (编译源文件“main.c”)
  
D:\College_Work\C Project\StudentSystem\function.h(310,2): warning C4996: 'scanf': This function or variable may be unsafe. Consider using scanf_s instead. To disable deprecation, use _CRT_SECURE_NO_WARNINGS. See online help for details.
  (编译源文件“main.c”)
  
D:\College_Work\C Project\StudentSystem\function.h(319,9): warning C4996: 'fscanf': This function or variable may be unsafe. Consider using fscanf_s instead. To disable deprecation, use _CRT_SECURE_NO_WARNINGS. See online help for details.
  (编译源文件“main.c”)
  
D:\College_Work\C Project\StudentSystem\function.h(392,145): warning C4244: “=”: 从“double”转换到“float”，可能丢失数据
  (编译源文件“main.c”)
  
D:\College_Work\C Project\StudentSystem\function.h(398,11): warning C4098: “InsertStudent”:“void”函数返回值
  (编译源文件“main.c”)
  
D:\College_Work\C Project\StudentSystem\function.h(444,11): warning C4098: “InsertStudent”:“void”函数返回值
  (编译源文件“main.c”)
  
D:\College_Work\C Project\StudentSystem\function.h(391,2): warning C4996: 'scanf': This function or variable may be unsafe. Consider using scanf_s instead. To disable deprecation, use _CRT_SECURE_NO_WARNINGS. See online help for details.
  (编译源文件“main.c”)
  
D:\College_Work\C Project\StudentSystem\function.h(401,9): warning C4996: 'fscanf': This function or variable may be unsafe. Consider using fscanf_s instead. To disable deprecation, use _CRT_SECURE_NO_WARNINGS. See online help for details.
  (编译源文件“main.c”)
  
D:\College_Work\C Project\StudentSystem\function.h(419,2): warning C4996: 'scanf': This function or variable may be unsafe. Consider using scanf_s instead. To disable deprecation, use _CRT_SECURE_NO_WARNINGS. See online help for details.
  (编译源文件“main.c”)
  
D:\College_Work\C Project\StudentSystem\function.h(423,3): warning C4996: 'scanf': This function or variable may be unsafe. Consider using scanf_s instead. To disable deprecation, use _CRT_SECURE_NO_WARNINGS. See online help for details.
  (编译源文件“main.c”)
  
D:\College_Work\C Project\StudentSystem\function.h(468,9): warning C4996: 'fscanf': This function or variable may be unsafe. Consider using fscanf_s instead. To disable deprecation, use _CRT_SECURE_NO_WARNINGS. See online help for details.
  (编译源文件“main.c”)
  
D:\College_Work\C Project\StudentSystem\function.h(477,2): warning C4996: 'scanf': This function or variable may be unsafe. Consider using scanf_s instead. To disable deprecation, use _CRT_SECURE_NO_WARNINGS. See online help for details.
  (编译源文件“main.c”)
  
  LINK : 没有找到 D:\College_Work\C Project\StudentSystem\x64\Debug\StudentSystem.exe 或上一个增量链接没有生成它；正在执行完全链接
  Project.vcxproj -> D:\College_Work\C Project\StudentSystem\x64\Debug\StudentSystem.exe
