-1
1 40 75 1
1 100 75 2
1 160 75 3
1 220 75 4
1 280 75 5
1 340 75 6
-1
1 60 75 3
1 40 150 1
2 60 75 40 150
1 80 150 2
2 60 75 80 150
1 140 75 3
1 200 75 4
1 260 75 5
1 320 75 6
-1
1 40 75 4
1 100 75 5
1 220 75 6
1 180 150 3
2 220 75 180 150
1 160 225 1
2 180 150 160 225
1 200 225 2
2 180 150 200 225
1 260 150 3
2 220 75 260 150
1 340 75 6
-1
1 100 75 6
1 60 150 3
2 100 75 60 150
1 40 225 1
2 60 150 40 225
1 80 225 2
2 60 150 80 225
1 140 150 3
2 100 75 140 150
1 220 75 6
1 300 75 9
1 280 150 4
2 300 75 280 150
1 320 150 5
2 300 75 320 150
-1
1 60 75 9
1 40 150 4
2 60 75 40 150
1 80 150 5
2 60 75 80 150
1 280 75 12
1 200 150 6
2 280 75 200 150
1 160 225 3
2 200 150 160 225
1 140 300 1
2 160 225 140 300
1 180 300 2
2 160 225 180 300
1 240 225 3
2 200 150 240 225
1 360 150 6
2 280 75 360 150
-1
1 340 75 21
1 180 150 9
2 340 75 180 150
1 100 225 4
2 180 150 100 225
1 260 225 5
2 180 150 260 225
1 500 150 12
2 340 75 500 150
1 420 225 6
2 500 150 420 225
1 380 300 3
2 420 225 380 300
1 360 375 1
2 380 300 360 375
1 400 375 2
2 380 300 400 375
1 460 300 3
2 420 225 460 300
1 580 225 6
2 500 150 580 225
-2
